2024 12 04 [38;5;154m17[0m [38;5;190m19[0m
2024 12 04 [38;5;154m17[0m [38;5;190m19[0m
2024 12 04 [38;5;154m17[0m [38;5;190m19[0m
2024 12 04 [38;5;154m17[0m [38;5;190m19[0m
2024 12 04 [38;5;154m17[0m [38;5;190m19[0m
2024 12 04 [38;5;154m17[0m [38;5;190m19[0m
2024 12 04
2024 12 04
2024 12 04
2024 12 04
2024 12 04
2024 12 04 [38;5;154m17[0m [38;5;190m19[0m
2024 12 04 [38;5;154m17[0m [38;5;190m19[0m
2024 12 06 [38;5;082m+12[0m([38;5;082m11[0m) [38;5;190m19[0m
2024 12 11 [38;5;082m+11[0m([38;5;082m10[0m) [38;5;154m17[0m
2024 12 13 [38;5;118m+14[0m([38;5;118m13[0m) [38;5;154m17[0m
2024 12 13 [38;5;118m+14[0m([38;5;118m13[0m) [38;5;154m17[0m
2024 12 13 [38;5;118m+14[0m([38;5;118m13[0m) [38;5;154m17[0m
2024 12 13 [38;5;118m+14[0m([38;5;118m13[0m) [38;5;154m17[0m
2024 12 13 [38;5;118m+14[0m([38;5;118m13[0m) [38;5;154m17[0m
2024 12 13 [38;5;118m+14[0m([38;5;118m13[0m) [38;5;154m17[0m
